{
  "RSpec": {
    "coverage": {
      "/home/risible-skill-d811/tic-tac-toe-rb-online-web-sp-000/lib/tic_tac_toe.rb": [
        null,
        null,
        1,
        null,
        null,
        null,
        null,
        null,
        null,
        null,
        null,
        null,
        null,
        null,
        1,
        1,
        24,
        24,
        24,
        24,
        24,
        null,
        null,
        null,
        null,
        1,
        23,
        null,
        null,
        null,
        null,
        1,
        22,
        null,
        null,
        null,
        null,
        1,
        25,
        22,
        null,
        3,
        null,
        null,
        null,
        null,
        null,
        1,
        23,
        null,
        null,
        null,
        null,
        1,
        21,
        21,
        189,
        31,
        null,
        null,
        21,
        null,
        null,
        null,
        null,
        1,
        20,
        14,
        null,
        6,
        null,
        null,
        null,
        null,
        null,
        1,
        20,
        20,
        20,
        20,
        19,
        19,
        null,
        1,
        null,
        null,
        null,
        null,
        null,
        1,
        61,
        399,
        399,
        399,
        null,
        399,
        399,
        399,
        null,
        399,
        18,
        381,
        5,
        null,
        null,
        38,
        null,
        null,
        null,
        null,
        1,
        183,
        null,
        null,
        null,
        null,
        1,
        29,
        7,
        null,
        22,
        null,
        null,
        null,
        null,
        null,
        1,
        21,
        10,
        null,
        11,
        null,
        null,
        null,
        null,
        null,
        1,
        7,
        7,
        7,
        null,
        null,
        6,
        4,
        null,
        2,
        null,
        null,
        null,
        null,
        null,
        null,
        1,
        12,
        17,
        null,
        12,
        5,
        7,
        3,
        null,
        null
      ]
    },
    "timestamp": 1616093706
  }
}
